<?xml version="1.0" encoding="UTF-8"?>
<!-- Generated by org.testng.reporters.JUnitReportReporter -->
<testsuite hostname="wks-samira-n" name="org.java.sikuli.SikuliTest" tests="1" failures="0" timestamp="8 Jun 2016 08:48:40 GMT" time="31.184" errors="0">
  <testcase name="testLogo" time="31.184" classname="org.java.sikuli.SikuliTest"/>
</testsuite> <!-- org.java.sikuli.SikuliTest -->
