<?xml version="1.0" encoding="UTF-8"?>
<!-- Generated by org.testng.reporters.JUnitReportReporter -->
<testsuite hostname="wks-samira-n" name="com.calsoft.nexenta.vcp.SikuliTest" tests="1" failures="0" timestamp="8 Jun 2016 16:41:14 GMT" time="11.438" errors="0">
  <testcase name="testLogo" time="11.438" classname="com.calsoft.nexenta.vcp.SikuliTest"/>
</testsuite> <!-- com.calsoft.nexenta.vcp.SikuliTest -->
